2020-07-20T04:11:16+00:00 CRITICAL Uncaught Error: Call to undefined method PHPCompatibility\Sniffs\Operators\RemovedTernaryAssociativitySniff::isShortTernary() in /home/veedolapp/public_html/wp-content/plugins/php-compatibility-checker/vendor/phpcompatibility/php-compatibility/PHPCompatibility/Sniffs/Operators/RemovedTernaryAssociativitySniff.php:125
Stack trace:
#0 /home/veedolapp/public_html/wp-content/plugins/php-compatibility-checker/vendor/squizlabs/php_codesniffer/CodeSniffer/File.php(576): PHPCompatibility\Sniffs\Operators\RemovedTernaryAssociativitySniff->process(Object(PHP_CodeSniffer_File), 6854)
#1 /home/veedolapp/public_html/wp-content/plugins/php-compatibility-checker/vendor/squizlabs/php_codesniffer/CodeSniffer.php(1894): PHP_CodeSniffer_File->start(NULL)
#2 /home/veedolapp/public_html/wp-content/plugins/php-compatibility-checker/vendor/squizlabs/php_codesniffer/CodeSniffer.php(1772): PHP_CodeSniffer->_processFile('/home/veedolapp...', NULL)
#3 /home/veedolapp/public_html/wp-content/plugins/php-compatibility-checker/vendor/squiz in /home/veedolapp/public_html/wp-content/plugins/php-compatibility-checker/vendor/phpcompatibility/php-compatibility/PHPCompatibility/Sniffs/Operators/RemovedTernaryAssociativitySniff.php on line 125

2020-07-20T04:36:43+00:00 CRITICAL Uncaught Error: Call to undefined method PHPCompatibility\Sniffs\Operators\RemovedTernaryAssociativitySniff::isShortTernary() in /home/veedolapp/public_html/wp-content/plugins/php-compatibility-checker/vendor/phpcompatibility/php-compatibility/PHPCompatibility/Sniffs/Operators/RemovedTernaryAssociativitySniff.php:125
Stack trace:
#0 /home/veedolapp/public_html/wp-content/plugins/php-compatibility-checker/vendor/squizlabs/php_codesniffer/CodeSniffer/File.php(576): PHPCompatibility\Sniffs\Operators\RemovedTernaryAssociativitySniff->process(Object(PHP_CodeSniffer_File), 864)
#1 /home/veedolapp/public_html/wp-content/plugins/php-compatibility-checker/vendor/squizlabs/php_codesniffer/CodeSniffer.php(1894): PHP_CodeSniffer_File->start(NULL)
#2 /home/veedolapp/public_html/wp-content/plugins/php-compatibility-checker/vendor/squizlabs/php_codesniffer/CodeSniffer.php(1772): PHP_CodeSniffer->_processFile('/home/veedolapp...', NULL)
#3 /home/veedolapp/public_html/wp-content/plugins/php-compatibility-checker/vendor/squizl in /home/veedolapp/public_html/wp-content/plugins/php-compatibility-checker/vendor/phpcompatibility/php-compatibility/PHPCompatibility/Sniffs/Operators/RemovedTernaryAssociativitySniff.php on line 125

2020-07-20T06:51:14+00:00 CRITICAL Uncaught Error: Call to undefined method PHPCompatibility\Sniffs\Operators\ChangedConcatOperatorPrecedenceSniff::isUnaryPlusMinus() in /home/veedolapp/public_html/wp-content/plugins/php-compatibility-checker/vendor/phpcompatibility/php-compatibility/PHPCompatibility/Sniffs/Operators/ChangedConcatOperatorPrecedenceSniff.php:89
Stack trace:
#0 /home/veedolapp/public_html/wp-content/plugins/php-compatibility-checker/vendor/squizlabs/php_codesniffer/CodeSniffer/File.php(576): PHPCompatibility\Sniffs\Operators\ChangedConcatOperatorPrecedenceSniff->process(Object(PHP_CodeSniffer_File), 466)
#1 /home/veedolapp/public_html/wp-content/plugins/php-compatibility-checker/vendor/squizlabs/php_codesniffer/CodeSniffer.php(1894): PHP_CodeSniffer_File->start(NULL)
#2 /home/veedolapp/public_html/wp-content/plugins/php-compatibility-checker/vendor/squizlabs/php_codesniffer/CodeSniffer.php(1772): PHP_CodeSniffer->_processFile('/home/veedolapp...', NULL)
#3 /home/veedolapp/public_html/wp-content/plugins/php-compatibility-checker/ in /home/veedolapp/public_html/wp-content/plugins/php-compatibility-checker/vendor/phpcompatibility/php-compatibility/PHPCompatibility/Sniffs/Operators/ChangedConcatOperatorPrecedenceSniff.php on line 89

2020-07-20T06:59:01+00:00 CRITICAL Uncaught Error: Call to undefined method PHPCompatibility\Sniffs\Operators\RemovedTernaryAssociativitySniff::isShortTernary() in /home/veedolapp/public_html/wp-content/plugins/php-compatibility-checker/vendor/phpcompatibility/php-compatibility/PHPCompatibility/Sniffs/Operators/RemovedTernaryAssociativitySniff.php:125
Stack trace:
#0 /home/veedolapp/public_html/wp-content/plugins/php-compatibility-checker/vendor/squizlabs/php_codesniffer/CodeSniffer/File.php(576): PHPCompatibility\Sniffs\Operators\RemovedTernaryAssociativitySniff->process(Object(PHP_CodeSniffer_File), 342)
#1 /home/veedolapp/public_html/wp-content/plugins/php-compatibility-checker/vendor/squizlabs/php_codesniffer/CodeSniffer.php(1894): PHP_CodeSniffer_File->start(NULL)
#2 /home/veedolapp/public_html/wp-content/plugins/php-compatibility-checker/vendor/squizlabs/php_codesniffer/CodeSniffer.php(1772): PHP_CodeSniffer->_processFile('/home/veedolapp...', NULL)
#3 /home/veedolapp/public_html/wp-content/plugins/php-compatibility-checker/vendor/squizl in /home/veedolapp/public_html/wp-content/plugins/php-compatibility-checker/vendor/phpcompatibility/php-compatibility/PHPCompatibility/Sniffs/Operators/RemovedTernaryAssociativitySniff.php on line 125

2020-07-20T07:19:28+00:00 CRITICAL Uncaught Error: Call to undefined method PHPCompatibility\Sniffs\Operators\RemovedTernaryAssociativitySniff::isShortTernary() in /home/veedolapp/public_html/wp-content/plugins/php-compatibility-checker/vendor/phpcompatibility/php-compatibility/PHPCompatibility/Sniffs/Operators/RemovedTernaryAssociativitySniff.php:125
Stack trace:
#0 /home/veedolapp/public_html/wp-content/plugins/php-compatibility-checker/vendor/squizlabs/php_codesniffer/CodeSniffer/File.php(576): PHPCompatibility\Sniffs\Operators\RemovedTernaryAssociativitySniff->process(Object(PHP_CodeSniffer_File), 862)
#1 /home/veedolapp/public_html/wp-content/plugins/php-compatibility-checker/vendor/squizlabs/php_codesniffer/CodeSniffer.php(1894): PHP_CodeSniffer_File->start(NULL)
#2 /home/veedolapp/public_html/wp-content/plugins/php-compatibility-checker/vendor/squizlabs/php_codesniffer/CodeSniffer.php(1772): PHP_CodeSniffer->_processFile('/home/veedolapp...', NULL)
#3 /home/veedolapp/public_html/wp-content/plugins/php-compatibility-checker/vendor/squizl in /home/veedolapp/public_html/wp-content/plugins/php-compatibility-checker/vendor/phpcompatibility/php-compatibility/PHPCompatibility/Sniffs/Operators/RemovedTernaryAssociativitySniff.php on line 125

