2020-08-07T23:16:23+00:00 DEBUG ---[ New Import ] PHP Memory: 256 MB, WP Memory: 40 MB
2020-08-07T23:16:23+00:00 DEBUG Parsing users CSV.
2020-08-07T23:16:23+00:00 DEBUG Finished parsing users CSV.
2020-08-07T23:16:23+00:00 DEBUG ---
2020-08-07T23:16:23+00:00 DEBUG Processing users.
2020-08-07T23:16:23+00:00 DEBUG ---
2020-08-07T23:16:23+00:00 DEBUG > &#8220;126&#8221;User already exists.
2020-08-07T23:16:23+00:00 DEBUG ---
2020-08-07T23:16:23+00:00 DEBUG > &#8220;153&#8221;User already exists.
2020-08-07T23:16:23+00:00 DEBUG ---
2020-08-07T23:16:23+00:00 DEBUG > &#8220;155&#8221;User already exists.
2020-08-07T23:16:23+00:00 DEBUG ---
2020-08-07T23:16:23+00:00 DEBUG > &#8220;70&#8221;User already exists.
2020-08-07T23:16:23+00:00 DEBUG ---
2020-08-07T23:16:23+00:00 DEBUG > &#8220;136&#8221;User already exists.
2020-08-07T23:16:23+00:00 DEBUG ---
2020-08-07T23:16:23+00:00 DEBUG > &#8220;49&#8221;User already exists.
2020-08-07T23:16:23+00:00 DEBUG ---
2020-08-07T23:16:23+00:00 DEBUG > &#8220;46&#8221;User already exists.
2020-08-07T23:16:23+00:00 DEBUG ---
2020-08-07T23:16:23+00:00 DEBUG > &#8220;119&#8221;User already exists.
2020-08-07T23:16:23+00:00 DEBUG ---
2020-08-07T23:16:23+00:00 DEBUG > &#8220;78&#8221;User already exists.
2020-08-07T23:16:23+00:00 DEBUG Finished processing Users.
2020-08-07T23:16:25+00:00 DEBUG ---[ New Import ] PHP Memory: 256 MB, WP Memory: 40 MB
2020-08-07T23:16:25+00:00 DEBUG Parsing users CSV.
2020-08-07T23:16:25+00:00 DEBUG Finished parsing users CSV.
2020-08-07T23:16:25+00:00 DEBUG ---
2020-08-07T23:16:25+00:00 DEBUG Processing users.
2020-08-07T23:16:25+00:00 DEBUG ---
2020-08-07T23:16:25+00:00 DEBUG > &#8220;111&#8221;User already exists.
2020-08-07T23:16:25+00:00 DEBUG ---
2020-08-07T23:16:25+00:00 DEBUG > &#8220;134&#8221;User already exists.
2020-08-07T23:16:25+00:00 DEBUG ---
2020-08-07T23:16:25+00:00 DEBUG > &#8220;56&#8221;User already exists.
2020-08-07T23:16:25+00:00 DEBUG ---
2020-08-07T23:16:25+00:00 DEBUG > &#8220;118&#8221;User already exists.
2020-08-07T23:16:25+00:00 DEBUG ---
2020-08-07T23:16:25+00:00 DEBUG > &#8220;7&#8221;User already exists.
2020-08-07T23:16:25+00:00 DEBUG ---
2020-08-07T23:16:25+00:00 DEBUG > &#8220;79&#8221;User already exists.
2020-08-07T23:16:25+00:00 DEBUG ---
2020-08-07T23:16:25+00:00 DEBUG > &#8220;127&#8221;User already exists.
2020-08-07T23:16:25+00:00 DEBUG ---
2020-08-07T23:16:25+00:00 DEBUG > &#8220;115&#8221;User already exists.
2020-08-07T23:16:25+00:00 DEBUG ---
2020-08-07T23:16:25+00:00 DEBUG > &#8220;9&#8221;User already exists.
2020-08-07T23:16:25+00:00 DEBUG ---
2020-08-07T23:16:25+00:00 DEBUG > &#8220;137&#8221;User already exists.
2020-08-07T23:16:25+00:00 DEBUG Finished processing Users.
2020-08-07T23:16:26+00:00 DEBUG ---[ New Import ] PHP Memory: 256 MB, WP Memory: 40 MB
2020-08-07T23:16:26+00:00 DEBUG Parsing users CSV.
2020-08-07T23:16:26+00:00 DEBUG Finished parsing users CSV.
2020-08-07T23:16:26+00:00 DEBUG ---
2020-08-07T23:16:26+00:00 DEBUG Processing users.
2020-08-07T23:16:26+00:00 DEBUG ---
2020-08-07T23:16:26+00:00 DEBUG > &#8220;10&#8221;User already exists.
2020-08-07T23:16:26+00:00 DEBUG ---
2020-08-07T23:16:26+00:00 DEBUG > &#8220;8&#8221;User already exists.
2020-08-07T23:16:26+00:00 DEBUG ---
2020-08-07T23:16:26+00:00 DEBUG > &#8220;138&#8221;User already exists.
2020-08-07T23:16:26+00:00 DEBUG ---
2020-08-07T23:16:26+00:00 DEBUG > &#8220;42&#8221;User already exists.
2020-08-07T23:16:26+00:00 DEBUG ---
2020-08-07T23:16:26+00:00 DEBUG > &#8220;90&#8221;User already exists.
2020-08-07T23:16:26+00:00 DEBUG ---
2020-08-07T23:16:26+00:00 DEBUG > &#8220;20&#8221;User already exists.
2020-08-07T23:16:26+00:00 DEBUG ---
2020-08-07T23:16:26+00:00 DEBUG > &#8220;102&#8221;User already exists.
2020-08-07T23:16:26+00:00 DEBUG ---
2020-08-07T23:16:26+00:00 DEBUG > &#8220;98&#8221;User already exists.
2020-08-07T23:16:26+00:00 DEBUG ---
2020-08-07T23:16:26+00:00 DEBUG > &#8220;48&#8221;User already exists.
2020-08-07T23:16:26+00:00 DEBUG ---
2020-08-07T23:16:26+00:00 DEBUG > &#8220;13&#8221;User already exists.
2020-08-07T23:16:26+00:00 DEBUG Finished processing Users.
2020-08-07T23:16:27+00:00 DEBUG ---[ New Import ] PHP Memory: 256 MB, WP Memory: 40 MB
2020-08-07T23:16:27+00:00 DEBUG Parsing users CSV.
2020-08-07T23:16:27+00:00 DEBUG Finished parsing users CSV.
2020-08-07T23:16:27+00:00 DEBUG ---
2020-08-07T23:16:27+00:00 DEBUG Processing users.
2020-08-07T23:16:27+00:00 DEBUG ---
2020-08-07T23:16:27+00:00 DEBUG > &#8220;26&#8221;User already exists.
2020-08-07T23:16:27+00:00 DEBUG ---
2020-08-07T23:16:27+00:00 DEBUG > &#8220;97&#8221;User already exists.
2020-08-07T23:16:27+00:00 DEBUG ---
2020-08-07T23:16:27+00:00 DEBUG > &#8220;18&#8221;User already exists.
2020-08-07T23:16:27+00:00 DEBUG ---
2020-08-07T23:16:27+00:00 DEBUG > &#8220;139&#8221;User already exists.
2020-08-07T23:16:27+00:00 DEBUG ---
2020-08-07T23:16:27+00:00 DEBUG > &#8220;36&#8221;User already exists.
2020-08-07T23:16:27+00:00 DEBUG ---
2020-08-07T23:16:27+00:00 DEBUG > &#8220;123&#8221;User already exists.
2020-08-07T23:16:27+00:00 DEBUG ---
2020-08-07T23:16:27+00:00 DEBUG > &#8220;106&#8221;User already exists.
2020-08-07T23:16:27+00:00 DEBUG ---
2020-08-07T23:16:27+00:00 DEBUG > &#8220;151&#8221;User already exists.
2020-08-07T23:16:27+00:00 DEBUG ---
2020-08-07T23:16:27+00:00 DEBUG > &#8220;77&#8221;User already exists.
2020-08-07T23:16:27+00:00 DEBUG ---
2020-08-07T23:16:27+00:00 DEBUG > &#8220;96&#8221;User already exists.
2020-08-07T23:16:27+00:00 DEBUG Finished processing Users.
2020-08-07T23:16:28+00:00 DEBUG ---[ New Import ] PHP Memory: 256 MB, WP Memory: 40 MB
2020-08-07T23:16:28+00:00 DEBUG Parsing users CSV.
2020-08-07T23:16:28+00:00 DEBUG Finished parsing users CSV.
2020-08-07T23:16:28+00:00 DEBUG ---
2020-08-07T23:16:28+00:00 DEBUG Processing users.
2020-08-07T23:16:28+00:00 DEBUG ---
2020-08-07T23:16:28+00:00 DEBUG > &#8220;31&#8221;User already exists.
2020-08-07T23:16:28+00:00 DEBUG ---
2020-08-07T23:16:28+00:00 DEBUG > &#8220;144&#8221;User already exists.
2020-08-07T23:16:28+00:00 DEBUG ---
2020-08-07T23:16:28+00:00 DEBUG > &#8220;87&#8221;User already exists.
2020-08-07T23:16:28+00:00 DEBUG ---
2020-08-07T23:16:28+00:00 DEBUG > &#8220;41&#8221;User already exists.
2020-08-07T23:16:28+00:00 DEBUG ---
2020-08-07T23:16:28+00:00 DEBUG > &#8220;142&#8221;User already exists.
2020-08-07T23:16:28+00:00 DEBUG ---
2020-08-07T23:16:28+00:00 DEBUG > &#8220;24&#8221;User already exists.
2020-08-07T23:16:28+00:00 DEBUG ---
2020-08-07T23:16:28+00:00 DEBUG > &#8220;82&#8221;User already exists.
2020-08-07T23:16:28+00:00 DEBUG ---
2020-08-07T23:16:28+00:00 DEBUG > &#8220;84&#8221;User already exists.
2020-08-07T23:16:28+00:00 DEBUG ---
2020-08-07T23:16:28+00:00 DEBUG > &#8220;44&#8221;User already exists.
2020-08-07T23:16:28+00:00 DEBUG ---
2020-08-07T23:16:28+00:00 DEBUG > &#8220;69&#8221;User already exists.
2020-08-07T23:16:28+00:00 DEBUG Finished processing Users.
2020-08-07T23:16:29+00:00 DEBUG ---[ New Import ] PHP Memory: 256 MB, WP Memory: 40 MB
2020-08-07T23:16:29+00:00 DEBUG Parsing users CSV.
2020-08-07T23:16:29+00:00 DEBUG Finished parsing users CSV.
2020-08-07T23:16:29+00:00 DEBUG ---
2020-08-07T23:16:29+00:00 DEBUG Processing users.
2020-08-07T23:16:29+00:00 DEBUG ---
2020-08-07T23:16:29+00:00 DEBUG > &#8220;72&#8221;User already exists.
2020-08-07T23:16:29+00:00 DEBUG ---
2020-08-07T23:16:29+00:00 DEBUG > &#8220;120&#8221;User already exists.
2020-08-07T23:16:29+00:00 DEBUG ---
2020-08-07T23:16:29+00:00 DEBUG > &#8220;2&#8221;User already exists.
2020-08-07T23:16:29+00:00 DEBUG ---
2020-08-07T23:16:29+00:00 DEBUG > &#8220;148&#8221;User already exists.
2020-08-07T23:16:29+00:00 DEBUG ---
2020-08-07T23:16:29+00:00 DEBUG > &#8220;147&#8221;User already exists.
2020-08-07T23:16:29+00:00 DEBUG ---
2020-08-07T23:16:29+00:00 DEBUG > &#8220;80&#8221;User already exists.
2020-08-07T23:16:29+00:00 DEBUG ---
2020-08-07T23:16:29+00:00 DEBUG > &#8220;108&#8221;User already exists.
2020-08-07T23:16:29+00:00 DEBUG ---
2020-08-07T23:16:29+00:00 DEBUG > &#8220;37&#8221;User already exists.
2020-08-07T23:16:29+00:00 DEBUG ---
2020-08-07T23:16:29+00:00 DEBUG > &#8220;140&#8221;User already exists.
2020-08-07T23:16:29+00:00 DEBUG ---
2020-08-07T23:16:29+00:00 DEBUG > &#8220;83&#8221;User already exists.
2020-08-07T23:16:29+00:00 DEBUG Finished processing Users.
2020-08-07T23:16:30+00:00 DEBUG ---[ New Import ] PHP Memory: 256 MB, WP Memory: 40 MB
2020-08-07T23:16:30+00:00 DEBUG Parsing users CSV.
2020-08-07T23:16:30+00:00 DEBUG Finished parsing users CSV.
2020-08-07T23:16:30+00:00 DEBUG ---
2020-08-07T23:16:30+00:00 DEBUG Processing users.
2020-08-07T23:16:30+00:00 DEBUG ---
2020-08-07T23:16:30+00:00 DEBUG > &#8220;16&#8221;User already exists.
2020-08-07T23:16:30+00:00 DEBUG ---
2020-08-07T23:16:30+00:00 DEBUG > &#8220;28&#8221;User already exists.
2020-08-07T23:16:30+00:00 DEBUG ---
2020-08-07T23:16:30+00:00 DEBUG > &#8220;65&#8221;User already exists.
2020-08-07T23:16:30+00:00 DEBUG ---
2020-08-07T23:16:30+00:00 DEBUG > &#8220;43&#8221;User already exists.
2020-08-07T23:16:30+00:00 DEBUG ---
2020-08-07T23:16:30+00:00 DEBUG > &#8220;54&#8221;User already exists.
2020-08-07T23:16:30+00:00 DEBUG ---
2020-08-07T23:16:30+00:00 DEBUG > &#8220;129&#8221;User already exists.
2020-08-07T23:16:30+00:00 DEBUG ---
2020-08-07T23:16:30+00:00 DEBUG > &#8220;5&#8221;User already exists.
2020-08-07T23:16:30+00:00 DEBUG ---
2020-08-07T23:16:30+00:00 DEBUG > &#8220;47&#8221;User already exists.
2020-08-07T23:16:30+00:00 DEBUG ---
2020-08-07T23:16:30+00:00 DEBUG > &#8220;15&#8221;User already exists.
2020-08-07T23:16:30+00:00 DEBUG ---
2020-08-07T23:16:30+00:00 DEBUG > &#8220;86&#8221;User already exists.
2020-08-07T23:16:30+00:00 DEBUG Finished processing Users.
2020-08-07T23:16:31+00:00 DEBUG ---[ New Import ] PHP Memory: 256 MB, WP Memory: 40 MB
2020-08-07T23:16:31+00:00 DEBUG Parsing users CSV.
2020-08-07T23:16:31+00:00 DEBUG Finished parsing users CSV.
2020-08-07T23:16:31+00:00 DEBUG ---
2020-08-07T23:16:31+00:00 DEBUG Processing users.
2020-08-07T23:16:31+00:00 DEBUG ---
2020-08-07T23:16:31+00:00 DEBUG > &#8220;3&#8221;User already exists.
2020-08-07T23:16:31+00:00 DEBUG ---
2020-08-07T23:16:31+00:00 DEBUG > &#8220;23&#8221;User already exists.
2020-08-07T23:16:31+00:00 DEBUG ---
2020-08-07T23:16:31+00:00 DEBUG > &#8220;58&#8221;User already exists.
2020-08-07T23:16:31+00:00 DEBUG ---
2020-08-07T23:16:31+00:00 DEBUG > &#8220;103&#8221;User already exists.
2020-08-07T23:16:31+00:00 DEBUG ---
2020-08-07T23:16:31+00:00 DEBUG > &#8220;112&#8221;User already exists.
2020-08-07T23:16:31+00:00 DEBUG ---
2020-08-07T23:16:31+00:00 DEBUG > &#8220;122&#8221;User already exists.
2020-08-07T23:16:31+00:00 DEBUG ---
2020-08-07T23:16:31+00:00 DEBUG > &#8220;85&#8221;User already exists.
2020-08-07T23:16:31+00:00 DEBUG ---
2020-08-07T23:16:31+00:00 DEBUG > &#8220;68&#8221;User already exists.
2020-08-07T23:16:31+00:00 DEBUG ---
2020-08-07T23:16:31+00:00 DEBUG > &#8220;113&#8221;User already exists.
2020-08-07T23:16:31+00:00 DEBUG ---
2020-08-07T23:16:31+00:00 DEBUG > &#8220;104&#8221;User already exists.
2020-08-07T23:16:31+00:00 DEBUG Finished processing Users.
2020-08-07T23:16:32+00:00 DEBUG ---[ New Import ] PHP Memory: 256 MB, WP Memory: 40 MB
2020-08-07T23:16:32+00:00 DEBUG Parsing users CSV.
2020-08-07T23:16:32+00:00 DEBUG Finished parsing users CSV.
2020-08-07T23:16:32+00:00 DEBUG ---
2020-08-07T23:16:32+00:00 DEBUG Processing users.
2020-08-07T23:16:32+00:00 DEBUG ---
2020-08-07T23:16:32+00:00 DEBUG > &#8220;101&#8221;User already exists.
2020-08-07T23:16:32+00:00 DEBUG ---
2020-08-07T23:16:32+00:00 DEBUG > &#8220;99&#8221;User already exists.
2020-08-07T23:16:32+00:00 DEBUG ---
2020-08-07T23:16:32+00:00 DEBUG > &#8220;63&#8221;User already exists.
2020-08-07T23:16:32+00:00 DEBUG ---
2020-08-07T23:16:32+00:00 DEBUG > &#8220;21&#8221;User already exists.
2020-08-07T23:16:32+00:00 DEBUG ---
2020-08-07T23:16:32+00:00 DEBUG > &#8220;109&#8221;User already exists.
2020-08-07T23:16:32+00:00 DEBUG ---
2020-08-07T23:16:32+00:00 DEBUG > &#8220;76&#8221;User already exists.
2020-08-07T23:16:32+00:00 DEBUG ---
2020-08-07T23:16:32+00:00 DEBUG > &#8220;64&#8221;User already exists.
2020-08-07T23:16:32+00:00 DEBUG ---
2020-08-07T23:16:32+00:00 DEBUG > &#8220;107&#8221;User already exists.
2020-08-07T23:16:32+00:00 DEBUG ---
2020-08-07T23:16:32+00:00 DEBUG > &#8220;133&#8221;User already exists.
2020-08-07T23:16:32+00:00 DEBUG ---
2020-08-07T23:16:32+00:00 DEBUG > &#8220;92&#8221;User already exists.
2020-08-07T23:16:32+00:00 DEBUG Finished processing Users.
2020-08-07T23:16:33+00:00 DEBUG ---[ New Import ] PHP Memory: 256 MB, WP Memory: 40 MB
2020-08-07T23:16:33+00:00 DEBUG Parsing users CSV.
2020-08-07T23:16:33+00:00 DEBUG Finished parsing users CSV.
2020-08-07T23:16:33+00:00 DEBUG ---
2020-08-07T23:16:33+00:00 DEBUG Processing users.
2020-08-07T23:16:33+00:00 DEBUG ---
2020-08-07T23:16:33+00:00 DEBUG > &#8220;95&#8221;User already exists.
2020-08-07T23:16:33+00:00 DEBUG ---
2020-08-07T23:16:33+00:00 DEBUG > &#8220;141&#8221;User already exists.
2020-08-07T23:16:33+00:00 DEBUG ---
2020-08-07T23:16:33+00:00 DEBUG > &#8220;124&#8221;User already exists.
2020-08-07T23:16:33+00:00 DEBUG ---
2020-08-07T23:16:33+00:00 DEBUG > &#8220;6&#8221;User already exists.
2020-08-07T23:16:33+00:00 DEBUG ---
2020-08-07T23:16:33+00:00 DEBUG > &#8220;1&#8221;User already exists.
2020-08-07T23:16:33+00:00 DEBUG ---
2020-08-07T23:16:33+00:00 DEBUG > &#8220;61&#8221;User already exists.
2020-08-07T23:16:33+00:00 DEBUG ---
2020-08-07T23:16:33+00:00 DEBUG > &#8220;39&#8221;User already exists.
2020-08-07T23:16:33+00:00 DEBUG ---
2020-08-07T23:16:33+00:00 DEBUG > &#8220;150&#8221;User already exists.
2020-08-07T23:16:33+00:00 DEBUG ---
2020-08-07T23:16:33+00:00 DEBUG > &#8220;121&#8221;User already exists.
2020-08-07T23:16:33+00:00 DEBUG ---
2020-08-07T23:16:33+00:00 DEBUG > &#8220;105&#8221;User already exists.
2020-08-07T23:16:33+00:00 DEBUG Finished processing Users.
2020-08-07T23:16:34+00:00 DEBUG ---[ New Import ] PHP Memory: 256 MB, WP Memory: 40 MB
2020-08-07T23:16:34+00:00 DEBUG Parsing users CSV.
2020-08-07T23:16:34+00:00 DEBUG Finished parsing users CSV.
2020-08-07T23:16:34+00:00 DEBUG ---
2020-08-07T23:16:34+00:00 DEBUG Processing users.
2020-08-07T23:16:34+00:00 DEBUG ---
2020-08-07T23:16:34+00:00 DEBUG > &#8220;91&#8221;User already exists.
2020-08-07T23:16:34+00:00 DEBUG ---
2020-08-07T23:16:34+00:00 DEBUG > &#8220;62&#8221;User already exists.
2020-08-07T23:16:34+00:00 DEBUG ---
2020-08-07T23:16:34+00:00 DEBUG > &#8220;51&#8221;User already exists.
2020-08-07T23:16:34+00:00 DEBUG ---
2020-08-07T23:16:34+00:00 DEBUG > &#8220;75&#8221;User already exists.
2020-08-07T23:16:34+00:00 DEBUG ---
2020-08-07T23:16:34+00:00 DEBUG > &#8220;125&#8221;User already exists.
2020-08-07T23:16:34+00:00 DEBUG ---
2020-08-07T23:16:34+00:00 DEBUG > &#8220;132&#8221;User already exists.
2020-08-07T23:16:34+00:00 DEBUG ---
2020-08-07T23:16:34+00:00 DEBUG > &#8220;27&#8221;User already exists.
2020-08-07T23:16:34+00:00 DEBUG ---
2020-08-07T23:16:34+00:00 DEBUG > &#8220;52&#8221;User already exists.
2020-08-07T23:16:34+00:00 DEBUG ---
2020-08-07T23:16:34+00:00 DEBUG > &#8220;146&#8221;User already exists.
2020-08-07T23:16:34+00:00 DEBUG ---
2020-08-07T23:16:34+00:00 DEBUG > &#8220;25&#8221;User already exists.
2020-08-07T23:16:34+00:00 DEBUG Finished processing Users.
2020-08-07T23:16:35+00:00 DEBUG ---[ New Import ] PHP Memory: 256 MB, WP Memory: 40 MB
2020-08-07T23:16:35+00:00 DEBUG Parsing users CSV.
2020-08-07T23:16:35+00:00 DEBUG Finished parsing users CSV.
2020-08-07T23:16:35+00:00 DEBUG ---
2020-08-07T23:16:35+00:00 DEBUG Processing users.
2020-08-07T23:16:35+00:00 DEBUG ---
2020-08-07T23:16:35+00:00 DEBUG > &#8220;145&#8221;User already exists.
2020-08-07T23:16:35+00:00 DEBUG ---
2020-08-07T23:16:35+00:00 DEBUG > &#8220;66&#8221;User already exists.
2020-08-07T23:16:35+00:00 DEBUG ---
2020-08-07T23:16:35+00:00 DEBUG > &#8220;94&#8221;User already exists.
2020-08-07T23:16:35+00:00 DEBUG ---
2020-08-07T23:16:35+00:00 DEBUG > &#8220;57&#8221;User already exists.
2020-08-07T23:16:35+00:00 DEBUG ---
2020-08-07T23:16:35+00:00 DEBUG > &#8220;143&#8221;User already exists.
2020-08-07T23:16:35+00:00 DEBUG ---
2020-08-07T23:16:35+00:00 DEBUG > &#8220;30&#8221;User already exists.
2020-08-07T23:16:35+00:00 DEBUG ---
2020-08-07T23:16:35+00:00 DEBUG > &#8220;60&#8221;User already exists.
2020-08-07T23:16:35+00:00 DEBUG ---
2020-08-07T23:16:35+00:00 DEBUG > &#8220;131&#8221;User already exists.
2020-08-07T23:16:35+00:00 DEBUG ---
2020-08-07T23:16:35+00:00 DEBUG > &#8220;29&#8221;User already exists.
2020-08-07T23:16:35+00:00 DEBUG ---
2020-08-07T23:16:35+00:00 DEBUG > &#8220;12&#8221;User already exists.
2020-08-07T23:16:35+00:00 DEBUG Finished processing Users.
2020-08-07T23:16:37+00:00 DEBUG ---[ New Import ] PHP Memory: 256 MB, WP Memory: 40 MB
2020-08-07T23:16:37+00:00 DEBUG Parsing users CSV.
2020-08-07T23:16:37+00:00 DEBUG Finished parsing users CSV.
2020-08-07T23:16:37+00:00 DEBUG ---
2020-08-07T23:16:37+00:00 DEBUG Processing users.
2020-08-07T23:16:37+00:00 DEBUG ---
2020-08-07T23:16:37+00:00 DEBUG > &#8220;128&#8221;User already exists.
2020-08-07T23:16:37+00:00 DEBUG ---
2020-08-07T23:16:37+00:00 DEBUG > &#8220;67&#8221;User already exists.
2020-08-07T23:16:37+00:00 DEBUG ---
2020-08-07T23:16:37+00:00 DEBUG > &#8220;116&#8221;User already exists.
2020-08-07T23:16:37+00:00 DEBUG ---
2020-08-07T23:16:37+00:00 DEBUG > &#8220;130&#8221;User already exists.
2020-08-07T23:16:37+00:00 DEBUG ---
2020-08-07T23:16:37+00:00 DEBUG > &#8220;110&#8221;User already exists.
2020-08-07T23:16:37+00:00 DEBUG ---
2020-08-07T23:16:37+00:00 DEBUG > &#8220;35&#8221;User already exists.
2020-08-07T23:16:37+00:00 DEBUG ---
2020-08-07T23:16:37+00:00 DEBUG > &#8220;53&#8221;User already exists.
2020-08-07T23:16:37+00:00 DEBUG ---
2020-08-07T23:16:37+00:00 DEBUG > &#8220;74&#8221;User already exists.
2020-08-07T23:16:37+00:00 DEBUG ---
2020-08-07T23:16:37+00:00 DEBUG > &#8220;11&#8221;User already exists.
2020-08-07T23:16:37+00:00 DEBUG ---
2020-08-07T23:16:37+00:00 DEBUG > &#8220;22&#8221;User already exists.
2020-08-07T23:16:37+00:00 DEBUG Finished processing Users.
2020-08-07T23:16:38+00:00 DEBUG ---[ New Import ] PHP Memory: 256 MB, WP Memory: 40 MB
2020-08-07T23:16:38+00:00 DEBUG Parsing users CSV.
2020-08-07T23:16:38+00:00 DEBUG Finished parsing users CSV.
2020-08-07T23:16:38+00:00 DEBUG ---
2020-08-07T23:16:38+00:00 DEBUG Processing users.
2020-08-07T23:16:38+00:00 DEBUG ---
2020-08-07T23:16:38+00:00 DEBUG > &#8220;114&#8221;User already exists.
2020-08-07T23:16:38+00:00 DEBUG ---
2020-08-07T23:16:38+00:00 DEBUG > &#8220;149&#8221;User already exists.
2020-08-07T23:16:38+00:00 DEBUG ---
2020-08-07T23:16:38+00:00 DEBUG > &#8220;93&#8221;User already exists.
2020-08-07T23:16:38+00:00 DEBUG ---
2020-08-07T23:16:38+00:00 DEBUG > &#8220;81&#8221;User already exists.
2020-08-07T23:16:38+00:00 DEBUG ---
2020-08-07T23:16:38+00:00 DEBUG > &#8220;100&#8221;User already exists.
2020-08-07T23:16:38+00:00 DEBUG ---
2020-08-07T23:16:38+00:00 DEBUG > &#8220;117&#8221;User already exists.
2020-08-07T23:16:38+00:00 DEBUG ---
2020-08-07T23:16:38+00:00 DEBUG > &#8220;19&#8221;User already exists.
2020-08-07T23:16:38+00:00 DEBUG ---
2020-08-07T23:16:38+00:00 DEBUG > &#8220;32&#8221;User already exists.
2020-08-07T23:16:38+00:00 DEBUG ---
2020-08-07T23:16:38+00:00 DEBUG > &#8220;38&#8221;User already exists.
2020-08-07T23:16:38+00:00 DEBUG ---
2020-08-07T23:16:38+00:00 DEBUG > &#8220;17&#8221;User already exists.
2020-08-07T23:16:38+00:00 DEBUG Finished processing Users.
2020-08-07T23:16:39+00:00 DEBUG ---[ New Import ] PHP Memory: 256 MB, WP Memory: 40 MB
2020-08-07T23:16:39+00:00 DEBUG Parsing users CSV.
2020-08-07T23:16:39+00:00 DEBUG Finished parsing users CSV.
2020-08-07T23:16:39+00:00 DEBUG ---
2020-08-07T23:16:39+00:00 DEBUG Processing users.
2020-08-07T23:16:39+00:00 DEBUG ---
2020-08-07T23:16:39+00:00 DEBUG > &#8220;154&#8221;User already exists.
2020-08-07T23:16:39+00:00 DEBUG ---
2020-08-07T23:16:39+00:00 DEBUG > &#8220;73&#8221;User already exists.
2020-08-07T23:16:39+00:00 DEBUG ---
2020-08-07T23:16:39+00:00 DEBUG > &#8220;33&#8221;User already exists.
2020-08-07T23:16:39+00:00 DEBUG ---
2020-08-07T23:16:39+00:00 DEBUG > &#8220;71&#8221;User already exists.
2020-08-07T23:16:39+00:00 DEBUG ---
2020-08-07T23:16:39+00:00 DEBUG > &#8220;14&#8221;User already exists.
2020-08-07T23:16:39+00:00 DEBUG ---
2020-08-07T23:16:39+00:00 DEBUG > &#8220;34&#8221;User already exists.
2020-08-07T23:16:39+00:00 DEBUG ---
2020-08-07T23:16:39+00:00 DEBUG > &#8220;50&#8221;User already exists.
2020-08-07T23:16:39+00:00 DEBUG ---
2020-08-07T23:16:39+00:00 DEBUG > &#8220;89&#8221;User already exists.
2020-08-07T23:16:39+00:00 DEBUG ---
2020-08-07T23:16:39+00:00 DEBUG > &#8220;4&#8221;User already exists.
2020-08-07T23:16:39+00:00 DEBUG ---
2020-08-07T23:16:39+00:00 DEBUG > &#8220;135&#8221;User already exists.
2020-08-07T23:16:39+00:00 DEBUG Finished processing Users.
2020-08-07T23:16:40+00:00 DEBUG ---[ New Import ] PHP Memory: 256 MB, WP Memory: 40 MB
2020-08-07T23:16:40+00:00 DEBUG Parsing users CSV.
2020-08-07T23:16:40+00:00 DEBUG Finished parsing users CSV.
2020-08-07T23:16:40+00:00 DEBUG ---
2020-08-07T23:16:40+00:00 DEBUG Processing users.
2020-08-07T23:16:40+00:00 DEBUG ---
2020-08-07T23:16:40+00:00 DEBUG > &#8220;152&#8221;User already exists.
2020-08-07T23:16:40+00:00 DEBUG ---
2020-08-07T23:16:40+00:00 DEBUG > &#8220;45&#8221;User already exists.
2020-08-07T23:16:40+00:00 DEBUG ---
2020-08-07T23:16:40+00:00 DEBUG > &#8220;59&#8221;User already exists.
2020-08-07T23:16:40+00:00 DEBUG ---
2020-08-07T23:16:40+00:00 DEBUG > &#8220;55&#8221;User already exists.
2020-08-07T23:16:40+00:00 DEBUG ---
2020-08-07T23:16:40+00:00 DEBUG > &#8220;40&#8221;User already exists.
2020-08-07T23:16:40+00:00 DEBUG ---
2020-08-07T23:16:40+00:00 DEBUG > &#8220;88&#8221;User already exists.
2020-08-07T23:16:40+00:00 DEBUG Finished processing Users.
